/BATCH  
/COM,ANSYS RELEASE 12.1    UP20091102       12:58:50    05/25/2016
/input,menust,tmp,'',,,,,,,,,,,,,,,,1   
/GRA,POWER
/GST,ON
/PLO,INFO,3
/GRO,CURL,ON
/CPLANE,1   
/REPLOT,RESIZE  
WPSTYLE,,,,,,,,0
!*  
/NOPR   
/PMETH,OFF,0
KEYW,PR_SET,1   
KEYW,PR_STRUC,0 
KEYW,PR_THERM,1 
KEYW,PR_FLUID,0 
KEYW,PR_ELMAG,0 
KEYW,MAGNOD,0   
KEYW,MAGEDG,0   
KEYW,MAGHFE,0   
KEYW,MAGELC,0   
KEYW,PR_MULTI,0 
KEYW,PR_CFD,0   
/GO 
!*  
/COM,   
/COM,Preferences for GUI filtering have been set to display:
/COM,  Thermal  
!*  
/PREP7  
!*  
ET,1,PLANE55
!*  
!*  
MPTEMP,,,,,,,,  
MPTEMP,1,0  
MPDATA,KXX,1,,1 
K,0,0,0,0,  
K,1,0.02,0,0,   
K,2,0.02,0.01,0,
K,3,0,0.01,0,   
K,0,0,0,0,  
/DIST,1,1.08222638492,1 
/REP,FAST   
/DIST,1,1.08222638492,1 
/REP,FAST   
/DIST,1,1.08222638492,1 
/REP,FAST   
FLST,2,4,3  
FITEM,2,3   
FITEM,2,4   
FITEM,2,1   
FITEM,2,2   
A,P51X  
FLST,5,2,4,ORDE,2   
FITEM,5,2   
FITEM,5,4   
CM,_Y,LINE  
LSEL, , , ,P51X 
CM,_Y1,LINE 
CMSEL,,_Y   
!*  
LESIZE,_Y1, , ,30, , , , ,1 
!*  
FLST,5,2,4,ORDE,2   
FITEM,5,1   
FITEM,5,3   
CM,_Y,LINE  
LSEL, , , ,P51X 
CM,_Y1,LINE 
CMSEL,,_Y   
!*  
LESIZE,_Y1, , ,15, , , , ,1 
!*  
MSHAPE,1,2D 
MSHKEY,0
!*  
CM,_Y,AREA  
ASEL, , , ,       1 
CM,_Y1,AREA 
CHKMSH,'AREA'   
CMSEL,S,_Y  
!*  
AMESH,_Y1   
!*  
CMDELE,_Y   
CMDELE,_Y1  
CMDELE,_Y2  
!*  
SAVE
! nliat 
ALLSEL,ALL  
nlist   
elist   
nsel,s,loc,x,0  
nlist   
nsel,s,loc,x,0.02   
nlist   
nsel,s,loc,y,0  
nlist   
nsel,s,loc,y,0.01   
nlist   
/INPUT,'Code','txt','D:\StandardPaper\ANSYScalculation\',, 0
SAVE
FINISH  
! /EXIT,MODEL   
/BATCH  
/COM,ANSYS RELEASE 12.1    UP20091102       14:32:31    05/25/2016
/input,menust,tmp,'',,,,,,,,,,,,,,,,1   
/COM,ANSYS RELEASE 12.1    UP20091102       14:32:32    05/25/2016
/GRA,POWER
/GST,ON
/PLO,INFO,3
/GRO,CURL,ON
/CPLANE,1   
/REPLOT,RESIZE  
WPSTYLE,,,,,,,,0
ALLSEL,ALL  
/REPLOT 
EPLOT   
/INPUT,'Code','txt','D:\StandardPaper\ANSYScalculation\',, 0
/INPUT,'Code','txt','D:\StandardPaper\ANSYScalculation\',, 0
*do,i,1,1008
! mp,kxx,i,AA(i,1)  
*enddo  
! /prep 
/prep7  
*do,i,1,1008
mp,kxx,i,AA(i,1)  !热通量
*enddo  
*do ,i,1,1008   
ESEL,S, , ,    i
emodif,all,mat,i
*enddo  
FINISH  
/POST1  
FINISH  
/PREP7  
FINISH  
/SOL
FLST,2,2,4,ORDE,2   
FITEM,2,1   
FITEM,2,3   
!*  
/GO 
DL,P51X, ,ALL,300,0 
FLST,2,1,4,ORDE,1   
FITEM,2,4   
/GO 
*DEL,_FNCNAME   
*DEL,_FNCMTID   
*DEL,_FNCCSYS   
*SET,_FNCNAME,'HH'  
*SET,_FNCCSYS,0 
! /INPUT,H.func,,,1 
*DIM,%_FNCNAME%,TABLE,6,6,1,,,,%_FNCCSYS%   
!   
! Begin of equation: 10*exp(20*{X}) 
*SET,%_FNCNAME%(0,0,1), 0.0, -999   
*SET,%_FNCNAME%(2,0,1), 0.0 
*SET,%_FNCNAME%(3,0,1), 0.0 
*SET,%_FNCNAME%(4,0,1), 0.0 
*SET,%_FNCNAME%(5,0,1), 0.0 
*SET,%_FNCNAME%(6,0,1), 0.0 
*SET,%_FNCNAME%(0,1,1), 1.0, -1, 0, 20, 0, 0, 2 
*SET,%_FNCNAME%(0,2,1), 0.0, -2, 0, 1, -1, 3, 2 
*SET,%_FNCNAME%(0,3,1),   0, -1, 7, 1, -2, 0, 0 
*SET,%_FNCNAME%(0,4,1), 0.0, -2, 0, 10, 0, 0, -1
*SET,%_FNCNAME%(0,5,1), 0.0, -3, 0, 1, -2, 3, -1
*SET,%_FNCNAME%(0,6,1), 0.0, 99, 0, 1, -3, 0, 0 
! End of equation: 10*exp(20*{X})   
!-->
*DEL,_FNCNAME   
*DEL,_FNCMTID   
*DEL,_FNCCSYS   
*SET,_FNCNAME,'QQ'  
*SET,_FNCCSYS,0 
! /INPUT,Q.func,,,1 
*DIM,%_FNCNAME%,TABLE,6,10,1,,,,%_FNCCSYS%  
!   
! Begin of equation: -500000000*{X}^2+10000000*{X}+100000   
*SET,%_FNCNAME%(0,0,1), 0.0, -999   
*SET,%_FNCNAME%(2,0,1), 0.0 
*SET,%_FNCNAME%(3,0,1), 0.0 
*SET,%_FNCNAME%(4,0,1), 0.0 
*SET,%_FNCNAME%(5,0,1), 0.0 
*SET,%_FNCNAME%(6,0,1), 0.0 
*SET,%_FNCNAME%(0,1,1), 1.0, -1, 0, 2, 0, 0, 2  
*SET,%_FNCNAME%(0,2,1), 0.0, -2, 0, 1, 2, 17, -1
*SET,%_FNCNAME%(0,3,1),   0, -1, 0, -500000000, 0, 0, -2
*SET,%_FNCNAME%(0,4,1), 0.0, -3, 0, 1, -1, 3, -2
*SET,%_FNCNAME%(0,5,1), 0.0, -1, 0, 10000000, 0, 0, 2   
*SET,%_FNCNAME%(0,6,1), 0.0, -2, 0, 1, -1, 3, 2 
*SET,%_FNCNAME%(0,7,1), 0.0, -1, 0, 1, -3, 1, -2
*SET,%_FNCNAME%(0,8,1), 0.0, -2, 0, 100000, 0, 0, -1
*SET,%_FNCNAME%(0,9,1), 0.0, -3, 0, 1, -1, 1, -2
*SET,%_FNCNAME%(0,10,1), 0.0, 99, 0, 1, -3, 0, 0
! End of equation: -500000000*{X}^2+10000000*{X}+100000 
!-->
*DEL,_FNCNAME   
*DEL,_FNCMTID   
*DEL,_FNCCSYS   
*SET,_FNCNAME,'TF0' 
*SET,_FNCCSYS,0 
! /INPUT,TF.func,,,1
*DIM,%_FNCNAME%,TABLE,6,10,1,,,,%_FNCCSYS%  
!   
! Begin of equation: 300*sin(PI*{X}/0.02)+300   
*SET,%_FNCNAME%(0,0,1), 0.0, -999   
*SET,%_FNCNAME%(2,0,1), 0.0 
*SET,%_FNCNAME%(3,0,1), 0.0 
*SET,%_FNCNAME%(4,0,1), 0.0 
*SET,%_FNCNAME%(5,0,1), 0.0 
*SET,%_FNCNAME%(6,0,1), 0.0 
*SET,%_FNCNAME%(0,1,1), 1.0, -1, 0, 3.14159265358979310, 0, 0, 2
*SET,%_FNCNAME%(0,2,1), 0.0, -2, 0, 1, -1, 3, 2 
*SET,%_FNCNAME%(0,3,1),   0, -1, 0, 0.02, 0, 0, -2  
*SET,%_FNCNAME%(0,4,1), 0.0, -3, 0, 1, -2, 4, -1
*SET,%_FNCNAME%(0,5,1), 0.0, -1, 9, 1, -3, 0, 0 
*SET,%_FNCNAME%(0,6,1), 0.0, -2, 0, 300, 0, 0, -1   
*SET,%_FNCNAME%(0,7,1), 0.0, -3, 0, 1, -2, 3, -1
*SET,%_FNCNAME%(0,8,1), 0.0, -1, 0, 300, 0, 0, -3   
*SET,%_FNCNAME%(0,9,1), 0.0, -2, 0, 1, -3, 1, -1
*SET,%_FNCNAME%(0,10,1), 0.0, 99, 0, 1, -2, 0, 0
! End of equation: 300*sin(PI*{X}/0.02)+300 
!-->
FLST,2,1,4,ORDE,1   
FITEM,2,4   
/GO 
!*  
!*  
!*  
SFL,P51X,CONV, %HH% , , %TF0%   
FLST,2,1,4,ORDE,1   
FITEM,2,2   
/GO 
!*  
!*  
SFL,P51X,HFLUX, %QQ%
/STATUS,SOLU
SOLVE   
FINISH  
/POST1  
!*  
/EFACET,1   
PLNSOL, TEMP,, 0
ALLSEL,ALL  
FINISH  
/SOL
/STATUS,SOLU
SOLVE   
FINISH  
/POST1  
!*  
/EFACET,1   
PLNSOL, TEMP,, 0
/DIST,1,1.08222638492,1 
/REP,FAST   
/DIST,1,1.08222638492,1 
/REP,FAST   
/DIST,1,0.924021086472,1
/REP,FAST   
nlist   
tlist   
!*  
PRNSOL,TEMP 
SAVE,'c=d=20','db','D:\STANDARDPAPER\ANSYSCALCULATION\C=D=20\'  
FINISH  
/PREP7  
/INPUT,'Code','txt','D:\StandardPaper\ANSYScalculation\',, 0
*do,i,1,1008
mp,kxx,i,AA(i,1)  !热通量
*enddo  
*do ,i,1,1008   
ESEL,S, , ,    i
emodif,all,mat,i
*enddo  
ALLSEL,ALL  
FINISH  
/POST1  
FINISH  
/SOL
FLST,2,2,4,ORDE,2   
FITEM,2,1   
FITEM,2,3   
!*  
/GO 
DL,P51X, ,ALL,300,0 
FLST,2,1,4,ORDE,1   
FITEM,2,4   
/GO 
*DEL,_FNCNAME   
*DEL,_FNCMTID   
*DEL,_FNCCSYS   
*SET,_FNCNAME,'HHHH0'   
*SET,_FNCCSYS,0 
! /INPUT,H.func,,,1 
*DIM,%_FNCNAME%,TABLE,6,6,1,,,,%_FNCCSYS%   
!   
! Begin of equation: 10*exp(30*{X}) 
*SET,%_FNCNAME%(0,0,1), 0.0, -999   
*SET,%_FNCNAME%(2,0,1), 0.0 
*SET,%_FNCNAME%(3,0,1), 0.0 
*SET,%_FNCNAME%(4,0,1), 0.0 
*SET,%_FNCNAME%(5,0,1), 0.0 
*SET,%_FNCNAME%(6,0,1), 0.0 
*SET,%_FNCNAME%(0,1,1), 1.0, -1, 0, 30, 0, 0, 2 
*SET,%_FNCNAME%(0,2,1), 0.0, -2, 0, 1, -1, 3, 2 
*SET,%_FNCNAME%(0,3,1),   0, -1, 7, 1, -2, 0, 0 
*SET,%_FNCNAME%(0,4,1), 0.0, -2, 0, 10, 0, 0, -1
*SET,%_FNCNAME%(0,5,1), 0.0, -3, 0, 1, -2, 3, -1
*SET,%_FNCNAME%(0,6,1), 0.0, 99, 0, 1, -3, 0, 0 
! End of equation: 10*exp(30*{X})   
!-->
FLST,2,1,4,ORDE,1   
FITEM,2,4   
/GO 
!*  
!*  
!*  
SFL,P51X,CONV, %HHHH0% , , %TF0%
FLST,2,1,4,ORDE,1   
FITEM,2,2   
/GO 
!*  
!*  
SFL,P51X,HFLUX, %QQ%
/STATUS,SOLU
SOLVE   
FINISH  
/POST1  
!*  
PRNSOL,TEMP 
!*  
/EFACET,1   
PLNSOL, TEMP,, 0
!*  
PRNSOL,TEMP 
/INPUT,'Code','txt','D:\StandardPaper\ANSYScalculation\',, 0
! /prep 
FINISH  
/PREP7  
*do,i,1,1008
mp,kxx,i,AA(i,1)  !热通量
*enddo  
*do ,i,1,1008   
ESEL,S, , ,    i
emodif,all,mat,i
*enddo  
*DEL,_FNCNAME   
*DEL,_FNCMTID   
*DEL,_FNCCSYS   
*SET,_FNCNAME,'H050'
*SET,_FNCCSYS,0 
! /INPUT,H.func,,,1 
*DIM,%_FNCNAME%,TABLE,6,6,1,,,,%_FNCCSYS%   
!   
! Begin of equation: 10*exp(50*{X}) 
*SET,%_FNCNAME%(0,0,1), 0.0, -999   
*SET,%_FNCNAME%(2,0,1), 0.0 
*SET,%_FNCNAME%(3,0,1), 0.0 
*SET,%_FNCNAME%(4,0,1), 0.0 
*SET,%_FNCNAME%(5,0,1), 0.0 
*SET,%_FNCNAME%(6,0,1), 0.0 
*SET,%_FNCNAME%(0,1,1), 1.0, -1, 0, 50, 0, 0, 2 
*SET,%_FNCNAME%(0,2,1), 0.0, -2, 0, 1, -1, 3, 2 
*SET,%_FNCNAME%(0,3,1),   0, -1, 7, 1, -2, 0, 0 
*SET,%_FNCNAME%(0,4,1), 0.0, -2, 0, 10, 0, 0, -1
*SET,%_FNCNAME%(0,5,1), 0.0, -3, 0, 1, -2, 3, -1
*SET,%_FNCNAME%(0,6,1), 0.0, 99, 0, 1, -3, 0, 0 
! End of equation: 10*exp(50*{X})   
!-->
FINISH  
/SOL
FLST,2,1,4,ORDE,1   
FITEM,2,4   
!*  
/GO 
DL,P51X, ,ALL,300,0 
FLST,2,1,4,ORDE,1   
FITEM,2,4   
!*  
/GO 
DL,P51X, ,ALL, ,0   
FLST,2,1,4,ORDE,1   
FITEM,2,4   
FLST,2,2,4,ORDE,2   
FITEM,2,1   
FITEM,2,3   
!*  
/GO 
DL,P51X, ,ALL,300,0 
/DIST,1,0.924021086472,1
/REP,FAST   
/DIST,1,0.924021086472,1
/REP,FAST   
/DIST,1,0.924021086472,1
/REP,FAST   
/DIST,1,1.08222638492,1 
/REP,FAST   
/DIST,1,1.08222638492,1 
/REP,FAST   
/DIST,1,1.08222638492,1 
/REP,FAST   
/DIST,1,1.08222638492,1 
/REP,FAST   
/DIST,1,1.08222638492,1 
/REP,FAST   
/DIST,1,1.08222638492,1 
/REP,FAST   
ALLSEL,ALL  
/DIST,1,1.08222638492,1 
/REP,FAST   
/DIST,1,1.08222638492,1 
/REP,FAST   
/DIST,1,0.924021086472,1
/REP,FAST   
/DIST,1,0.924021086472,1
/REP,FAST   
/DIST,1,0.924021086472,1
/REP,FAST   
/DIST,1,0.924021086472,1
/REP,FAST   
/DIST,1,0.924021086472,1
/REP,FAST   
/DIST,1,0.924021086472,1
/REP,FAST   
/DIST,1,1.08222638492,1 
/REP,FAST   
/DIST,1,1.08222638492,1 
/REP,FAST   
/DIST,1,0.924021086472,1
/REP,FAST   
/DIST,1,0.924021086472,1
/REP,FAST   
/DIST,1,0.924021086472,1
/REP,FAST   
/DIST,1,0.924021086472,1
/REP,FAST   
/DIST,1,1.08222638492,1 
/REP,FAST   
/DIST,1,1.08222638492,1 
/REP,FAST   
/DIST,1,1.08222638492,1 
/REP,FAST   
/DIST,1,0.924021086472,1
/REP,FAST   
/DIST,1,0.924021086472,1
/REP,FAST   
/DIST,1,0.924021086472,1
/REP,FAST   
/DIST,1,1.08222638492,1 
/REP,FAST   
/DIST,1,1.08222638492,1 
/REP,FAST   
/DIST,1,1.08222638492,1 
/REP,FAST   
FLST,2,1,4,ORDE,1   
FITEM,2,4   
/GO 
!*  
!*  
!*  
SFL,P51X,CONV, %H050% , , %TF0% 
/DIST,1,0.924021086472,1
/REP,FAST   
/DIST,1,0.924021086472,1
/REP,FAST   
/DIST,1,1.08222638492,1 
/REP,FAST   
/DIST,1,1.08222638492,1 
/REP,FAST   
FLST,2,1,4,ORDE,1   
FITEM,2,2   
/GO 
!*  
!*  
SFL,P51X,HFLUX, %QQ%
FINISH  
/POST1  
FINISH  
/SOL
/STATUS,SOLU
SOLVE   
FINISH  
/POST1  
!*  
/EFACET,1   
PLNSOL, TEMP,, 0
/DIST,1,1.08222638492,1 
/REP,FAST   
/DIST,1,0.924021086472,1
/REP,FAST   
! /prep 
FINISH  
/PREP7  
mplist  
elist   
FINISH  
/POST1  
mplist  
FINISH  
/POST26 
FILE,'TTTjunyun111','rth','.'   
/UI,COLL,1  
NUMVAR,200  
SOLU,191,NCMIT  
STORE,MERGE 
FILLDATA,191,,,,1,1 
REALVAR,191,191 
NUMVAR,200  
FILLDATA,191,,,,1,1 
REALVAR,191,191 
FINISH  
/SOL
FINISH  
/PREP7  
FINISH  
/SOL
FLST,2,2,4,ORDE,2   
FITEM,2,1   
FITEM,2,3   
!*  
/GO 
DL,P51X, ,ALL,300,0 
FLST,2,1,4,ORDE,1   
FITEM,2,4   
/GO 
!*  
!*  
!*  
SFL,P51X,CONV, %H050% , , %TF0% 
FLST,2,1,4,ORDE,1   
FITEM,2,2   
/GO 
!*  
!*  
SFL,P51X,HFLUX, %QQ%
/STATUS,SOLU
SOLVE   
FINISH  
/POST1  
!*  
/EFACET,1   
PLNSOL, TEMP,, 0
/DIST,1,1.08222638492,1 
/REP,FAST   
/DIST,1,1.08222638492,1 
/REP,FAST   
/DIST,1,0.924021086472,1
/REP,FAST   
/DIST,1,0.924021086472,1
/REP,FAST   
/DIST,1,1.08222638492,1 
/REP,FAST   
/DIST,1,1.08222638492,1 
/REP,FAST   
/DIST,1,1.08222638492,1 
/REP,FAST   
/DIST,1,0.924021086472,1
/REP,FAST   
/DIST,1,0.924021086472,1
/REP,FAST   
/DIST,1,0.924021086472,1
/REP,FAST   
FINISH  
/CLEAR,NOSTART  
/COM,ANSYS RELEASE 12.1    UP20091102       15:11:56    05/25/2016
!*  
!*  
/NOPR   
/PMETH,OFF,0
KEYW,PR_SET,1   
KEYW,PR_STRUC,0 
KEYW,PR_THERM,1 
KEYW,PR_FLUID,0 
KEYW,PR_ELMAG,0 
KEYW,MAGNOD,0   
KEYW,MAGEDG,0   
KEYW,MAGHFE,0   
KEYW,MAGELC,0   
KEYW,PR_MULTI,0 
KEYW,PR_CFD,0   
/GO 
!*  
/COM,   
/COM,Preferences for GUI filtering have been set to display:
/COM,  Thermal  
!*  
/PREP7  
!*  
ET,1,PLANE55
!*  
!*  
MPTEMP,,,,,,,,  
MPTEMP,1,0  
MPDATA,KXX,1,,1 
K,0,0,0,0,  
K,1,0.02,0,0,   
K,2,0.02,0.01,0,
K,3,0,0.01,0,   
K,0,0,0,0,  
/DIST,1,1.08222638492,1 
/REP,FAST   
/DIST,1,1.08222638492,1 
/REP,FAST   
FLST,2,4,3  
FITEM,2,3   
FITEM,2,4   
FITEM,2,1   
FITEM,2,2   
A,P51X  
FLST,5,2,4,ORDE,2   
FITEM,5,2   
FITEM,5,4   
CM,_Y,LINE  
LSEL, , , ,P51X 
CM,_Y1,LINE 
CMSEL,,_Y   
!*  
LESIZE,_Y1, , ,30, , , , ,1 
!*  
FLST,5,2,4,ORDE,2   
FITEM,5,1   
FITEM,5,3   
CM,_Y,LINE  
LSEL, , , ,P51X 
CM,_Y1,LINE 
CMSEL,,_Y   
!*  
LESIZE,_Y1, , ,15, , , , ,1 
!*  
MSHAPE,1,2D 
MSHKEY,0
!*  
CM,_Y,AREA  
ASEL, , , ,       1 
CM,_Y1,AREA 
CHKMSH,'AREA'   
CMSEL,S,_Y  
!*  
AMESH,_Y1   
!*  
CMDELE,_Y   
CMDELE,_Y1  
CMDELE,_Y2  
!*  
/DIST,1,1.08222638492,1 
/REP,FAST   
/INPUT,'Code','txt','D:\StandardPaper\ANSYScalculation\',, 0
*do,i,1,1008
mp,kxx,i,AA(i,1)  !热通量
*enddo  
*do ,i,1,1008   
ESEL,S, , ,    i
emodif,all,mat,i
*enddo  
*DEL,_FNCNAME   
*DEL,_FNCMTID   
*DEL,_FNCCSYS   
*SET,_FNCNAME,'HH50'
*SET,_FNCCSYS,0 
! /INPUT,H.func,,,1 
*DIM,%_FNCNAME%,TABLE,6,6,1,,,,%_FNCCSYS%   
!   
! Begin of equation: 10*exp(50*{X}) 
*SET,%_FNCNAME%(0,0,1), 0.0, -999   
*SET,%_FNCNAME%(2,0,1), 0.0 
*SET,%_FNCNAME%(3,0,1), 0.0 
*SET,%_FNCNAME%(4,0,1), 0.0 
*SET,%_FNCNAME%(5,0,1), 0.0 
*SET,%_FNCNAME%(6,0,1), 0.0 
*SET,%_FNCNAME%(0,1,1), 1.0, -1, 0, 50, 0, 0, 2 
*SET,%_FNCNAME%(0,2,1), 0.0, -2, 0, 1, -1, 3, 2 
*SET,%_FNCNAME%(0,3,1),   0, -1, 7, 1, -2, 0, 0 
*SET,%_FNCNAME%(0,4,1), 0.0, -2, 0, 10, 0, 0, -1
*SET,%_FNCNAME%(0,5,1), 0.0, -3, 0, 1, -2, 3, -1
*SET,%_FNCNAME%(0,6,1), 0.0, 99, 0, 1, -3, 0, 0 
! End of equation: 10*exp(50*{X})   
!-->
*DEL,_FNCNAME   
*DEL,_FNCMTID   
*DEL,_FNCCSYS   
*SET,_FNCNAME,'Q0'  
*SET,_FNCCSYS,0 
! /INPUT,Q.func,,,1 
*DIM,%_FNCNAME%,TABLE,6,10,1,,,,%_FNCCSYS%  
!   
! Begin of equation: -500000000*{X}^2+10000000*{X}+100000   
*SET,%_FNCNAME%(0,0,1), 0.0, -999   
*SET,%_FNCNAME%(2,0,1), 0.0 
*SET,%_FNCNAME%(3,0,1), 0.0 
*SET,%_FNCNAME%(4,0,1), 0.0 
*SET,%_FNCNAME%(5,0,1), 0.0 
*SET,%_FNCNAME%(6,0,1), 0.0 
*SET,%_FNCNAME%(0,1,1), 1.0, -1, 0, 2, 0, 0, 2  
*SET,%_FNCNAME%(0,2,1), 0.0, -2, 0, 1, 2, 17, -1
*SET,%_FNCNAME%(0,3,1),   0, -1, 0, -500000000, 0, 0, -2
*SET,%_FNCNAME%(0,4,1), 0.0, -3, 0, 1, -1, 3, -2
*SET,%_FNCNAME%(0,5,1), 0.0, -1, 0, 10000000, 0, 0, 2   
*SET,%_FNCNAME%(0,6,1), 0.0, -2, 0, 1, -1, 3, 2 
*SET,%_FNCNAME%(0,7,1), 0.0, -1, 0, 1, -3, 1, -2
*SET,%_FNCNAME%(0,8,1), 0.0, -2, 0, 100000, 0, 0, -1
*SET,%_FNCNAME%(0,9,1), 0.0, -3, 0, 1, -1, 1, -2
*SET,%_FNCNAME%(0,10,1), 0.0, 99, 0, 1, -3, 0, 0
! End of equation: -500000000*{X}^2+10000000*{X}+100000 
!-->
*DEL,_FNCNAME   
*DEL,_FNCMTID   
*DEL,_FNCCSYS   
*SET,_FNCNAME,'TF0' 
*SET,_FNCCSYS,0 
! /INPUT,TF.func,,,1
*DIM,%_FNCNAME%,TABLE,6,10,1,,,,%_FNCCSYS%  
!   
! Begin of equation: 300*sin(PI*{X}/0.02)+300   
*SET,%_FNCNAME%(0,0,1), 0.0, -999   
*SET,%_FNCNAME%(2,0,1), 0.0 
*SET,%_FNCNAME%(3,0,1), 0.0 
*SET,%_FNCNAME%(4,0,1), 0.0 
*SET,%_FNCNAME%(5,0,1), 0.0 
*SET,%_FNCNAME%(6,0,1), 0.0 
*SET,%_FNCNAME%(0,1,1), 1.0, -1, 0, 3.14159265358979310, 0, 0, 2
*SET,%_FNCNAME%(0,2,1), 0.0, -2, 0, 1, -1, 3, 2 
*SET,%_FNCNAME%(0,3,1),   0, -1, 0, 0.02, 0, 0, -2  
*SET,%_FNCNAME%(0,4,1), 0.0, -3, 0, 1, -2, 4, -1
*SET,%_FNCNAME%(0,5,1), 0.0, -1, 9, 1, -3, 0, 0 
*SET,%_FNCNAME%(0,6,1), 0.0, -2, 0, 300, 0, 0, -1   
*SET,%_FNCNAME%(0,7,1), 0.0, -3, 0, 1, -2, 3, -1
*SET,%_FNCNAME%(0,8,1), 0.0, -1, 0, 300, 0, 0, -3   
*SET,%_FNCNAME%(0,9,1), 0.0, -2, 0, 1, -3, 1, -1
*SET,%_FNCNAME%(0,10,1), 0.0, 99, 0, 1, -2, 0, 0
! End of equation: 300*sin(PI*{X}/0.02)+300 
!-->
FINISH  
/SOL
FLST,2,2,4,ORDE,2   
FITEM,2,1   
FITEM,2,3   
!*  
/GO 
DL,P51X, ,ALL,300,0 
FLST,2,1,4,ORDE,1   
FITEM,2,4   
/GO 
!*  
!*  
!*  
SFL,P51X,CONV, %HH50% , , %TF0% 
FLST,2,1,4,ORDE,1   
FITEM,2,2   
/GO 
!*  
!*  
SFL,P51X,HFLUX, %Q0%
/STATUS,SOLU
SOLVE   
ALLSEL,ALL  
/STATUS,SOLU
SOLVE   
FINISH  
/POST1  
!*  
/EFACET,1   
PLNSOL, TEMP,, 0
ALLSEL,ALL  
FINISH  
/SOL
/STATUS,SOLU
SOLVE   
FINISH  
/POST1  
!*  
/EFACET,1   
PLNSOL, TEMP,, 0
!*  
PRNSOL,TEMP 
mplist  
elist   
/DIST,1,0.924021086472,1
/REP,FAST   
/DIST,1,1.08222638492,1 
/REP,FAST   
EPLOT   
!*  
PRNSOL,TEMP 
!*  
/EFACET,1   
PLNSOL, TEMP,, 0
nlist   
/DIST,1,1.08222638492,1 
/REP,FAST   
/REPLOT,RESIZE  
/REPLOT,RESIZE  
RESUME  
/COM,ANSYS RELEASE 12.1    UP20091102       16:12:26    05/25/2016
FINISH  
! /EXIT,MODEL   
/BATCH  
/COM,ANSYS RELEASE 12.1    UP20091102       19:14:15    05/25/2016
/input,menust,tmp,'',,,,,,,,,,,,,,,,1   
/COM,ANSYS RELEASE 12.1    UP20091102       19:14:15    05/25/2016
/GRA,POWER
/GST,ON
/PLO,INFO,3
/GRO,CURL,ON
/CPLANE,1   
/REPLOT,RESIZE  
WPSTYLE,,,,,,,,0
ALLSEL,ALL  
EPLOT   
/CMAP,,,,   
EPLOT   
!*  
FLST,4,1008,2,ORDE,2
FITEM,4,1   
FITEM,4,-1008   
/COLOR,ELEM,WHIT,P51X   
/DIST,1,1.08222638492,1 
/REP,FAST   
/DIST,1,0.924021086472,1
/REP,FAST   
!*  
FLST,4,4,4,ORDE,2   
FITEM,4,1   
FITEM,4,-4  
/COLOR,LINE,BLAC,P51X   
NPLOT   
EPLOT   
!*  
FLST,4,1008,2,ORDE,2
FITEM,4,1   
FITEM,4,-1008   
/COLOR,ELEM,BLAC,P51X   
/DIST,1,1.08222638492,1 
/REP,FAST   
/DIST,1,0.924021086472,1
/REP,FAST   
/DIST,1,0.924021086472,1
/REP,FAST   
/DIST,1,1.08222638492,1 
/REP,FAST   
/RGB,INDEX,100,100,100, 0   
/RGB,INDEX, 80, 80, 80,13   
/RGB,INDEX, 60, 60, 60,14   
/RGB,INDEX, 0, 0, 0,15  
/REPLOT 
/DIST,1,1.08222638492,1 
/REP,FAST   
/DIST,1,0.924021086472,1
/REP,FAST   
/DIST,1,0.924021086472,1
/REP,FAST   
/DIST,1,1.08222638492,1 
/REP,FAST   
/BATCH  
/COM,ANSYS RELEASE 12.1    UP20091102       20:37:09    05/25/2016
/input,menust,tmp,'',,,,,,,,,,,,,,,,1   
/COM,ANSYS RELEASE 12.1    UP20091102       20:37:09    05/25/2016
/GRA,POWER
/GST,ON
/PLO,INFO,3
/GRO,CURL,ON
/CPLANE,1   
/REPLOT,RESIZE  
WPSTYLE,,,,,,,,0
ALLSEL,ALL  
/VT 
FINISH  
/POST1  
SET,LIST
/SHOW,WIN32C
SET,FIRST   
/PLOPTS,INFO,3  
/CONTOUR,ALL,18 
/PNUM,MAT,1 
/NUMBER,1   
/REPLOT,RESIZE  
PLNSOL,TEMP 
! /UIS,ABORT,1  
/SHOW,WIN32 
/REPLOT,RESIZE  
/DIST,1,1.08222638492,1 
/REP,FAST   
/DIST,1,1.08222638492,1 
/REP,FAST   
/DIST,1,0.924021086472,1
/REP,FAST   
/DIST,1,0.924021086472,1
/REP,FAST   
/DIST,1,0.924021086472,1
/REP,FAST   
!*  
/EFACET,1   
PLNSOL, TEMP,, 0
/DIST,1,1.08222638492,1 
/REP,FAST   
/DIST,1,0.924021086472,1
/REP,FAST   
/DIST,1,1.08222638492,1 
/REP,FAST   
/DIST,1,1.08222638492,1 
/REP,FAST   
/DIST,1,0.924021086472,1
/REP,FAST   
/DIST,1,0.924021086472,1
/REP,FAST   
/DIST,1,1.08222638492,1 
/REP,FAST   
/DIST,1,1.08222638492,1 
/REP,FAST   
/DIST,1,0.924021086472,1
/REP,FAST   
/DIST,1,0.924021086472,1
/REP,FAST   
/DIST,1,0.924021086472,1
/REP,FAST   
/DIST,1,1.08222638492,1 
/REP,FAST   
/FOC,1,,-0.3,,1 
/REP,FAST   
/FOC,1,,0.3,,1  
/REP,FAST   
/FOC,1,,0.3,,1  
/REP,FAST   
/FOC,1,,-0.3,,1 
/REP,FAST   
/FOC,1,,0.3,,1  
/REP,FAST   
/FOC,1,,-0.3,,1 
/REP,FAST   
/FOC,1,,0.3,,1  
/REP,FAST   
/FOC,1,,0.3,,1  
/REP,FAST   
/FOC,1,,-0.3,,1 
/REP,FAST   
/FOC,1,,-0.3,,1 
/REP,FAST   
/FOC,1,,0.3,,1  
/REP,FAST   
/FOC,1,,-0.3,,1 
/REP,FAST   
/FOC,1,,0.3,,1  
/REP,FAST   
/FOC,1,,-0.3,,1 
/REP,FAST   
/FOC,1,,0.3,,1  
/REP,FAST   
/FOC,1,,-0.3,,1 
/REP,FAST   
/DIST,1,1.08222638492,1 
/REP,FAST   
/DIST,1,1.08222638492,1 
/REP,FAST   
/FOC,1,,0.3,,1  
/REP,FAST   
/DIST,1,0.924021086472,1
/REP,FAST   
/DIST,1,1.08222638492,1 
/REP,FAST   
/FOC,1,,-0.3,,1 
/REP,FAST   
/DIST,1,0.924021086472,1
/REP,FAST   
/DIST,1,0.924021086472,1
/REP,FAST   
/DIST,1,0.924021086472,1
/REP,FAST   
/DIST,1,0.924021086472,1
/REP,FAST   
/DIST,1,1.08222638492,1 
/REP,FAST   
/DIST,1,0.924021086472,1
/REP,FAST   
/RGB,INDEX,100,100,100, 0   
/RGB,INDEX, 80, 80, 80,13   
/RGB,INDEX, 60, 60, 60,14   
/RGB,INDEX, 0, 0, 0,15  
/REPLOT 
/DIST,1,1.08222638492,1 
/REP,FAST   
/DIST,1,1.08222638492,1 
/REP,FAST   
/DIST,1,1.08222638492,1 
/REP,FAST   
/DIST,1,1.08222638492,1 
/REP,FAST   
/DIST,1,0.924021086472,1
/REP,FAST   
/DIST,1,0.924021086472,1
/REP,FAST   
/DIST,1,0.924021086472,1
/REP,FAST   
/DIST,1,0.924021086472,1
/REP,FAST   
/DIST,1,1.08222638492,1 
/REP,FAST   
/DIST,1,1.08222638492,1 
/REP,FAST   
/DIST,1,1.08222638492,1 
/REP,FAST   
/DIST,1,0.924021086472,1
/REP,FAST   
/DIST,1,0.924021086472,1
/REP,FAST   
/DIST,1,1.08222638492,1 
/REP,FAST   
FINISH  
! /EXIT,MODEL   
/BATCH  
/COM,ANSYS RELEASE 12.1    UP20091102       20:44:45    05/25/2016
/input,menust,tmp,'',,,,,,,,,,,,,,,,1   
/COM,ANSYS RELEASE 12.1    UP20091102       20:44:45    05/25/2016
/GRA,POWER
/GST,ON
/PLO,INFO,3
/GRO,CURL,ON
/CPLANE,1   
/REPLOT,RESIZE  
WPSTYLE,,,,,,,,0
/POST1  
/SHOW,WIN32C
SET,FIRST   
/PLOPTS,INFO,3  
/PNUM,MAT,1 
/NUMBER,1   
/REPLOT,RESIZE  
PLNSOL,TEMP 
! /UIS,ABORT,1  
/SHOW,WIN32 
/REPLOT,RESIZE  
/DIST,1,1.08222638492,1 
/REP,FAST   
/DIST,1,1.08222638492,1 
/REP,FAST   
/DIST,1,1.08222638492,1 
/REP,FAST   
/DIST,1,0.924021086472,1
/REP,FAST   
/DIST,1,0.924021086472,1
/REP,FAST   
/DIST,1,0.924021086472,1
/REP,FAST   
/DIST,1,0.924021086472,1
/REP,FAST   
/DIST,1,0.924021086472,1
/REP,FAST   
/DIST,1,0.924021086472,1
/REP,FAST   
/DIST,1,0.924021086472,1
/REP,FAST   
/DIST,1,1.08222638492,1 
/REP,FAST   
/DIST,1,1.08222638492,1 
/REP,FAST   
/DIST,1,1.08222638492,1 
/REP,FAST   
/DIST,1,1.08222638492,1 
/REP,FAST   
/BATCH  
/COM,ANSYS RELEASE 12.1    UP20091102       20:46:45    05/25/2016
/input,menust,tmp,'',,,,,,,,,,,,,,,,1   
/COM,ANSYS RELEASE 12.1    UP20091102       20:46:45    05/25/2016
/GRA,POWER
/GST,ON
/PLO,INFO,3
/GRO,CURL,ON
/CPLANE,1   
/REPLOT,RESIZE  
WPSTYLE,,,,,,,,0
/BATCH  
/COM,ANSYS RELEASE 12.1    UP20091102       20:47:15    05/25/2016
/input,menust,tmp,'',,,,,,,,,,,,,,,,1   
/COM,ANSYS RELEASE 12.1    UP20091102       20:47:15    05/25/2016
/GRA,POWER
/GST,ON
/PLO,INFO,3
/GRO,CURL,ON
/CPLANE,1   
/REPLOT,RESIZE  
WPSTYLE,,,,,,,,0
/prep7  
/INPUT,'Code','txt','D:\StandardPaper\ANSYScalculation\',, 0
*do,i,1,1008
mp,kxx,i,AA(i,1)  !热通量
*enddo  
*do ,i,1,1008   
ESEL,S, , ,    i
emodif,all,mat,i
*enddo  
*DEL,_FNCNAME   
*DEL,_FNCMTID   
*DEL,_FNCCSYS   
*SET,_FNCNAME,'H20' 
*SET,_FNCCSYS,0 
! /INPUT,H20.func,,,1   
*DIM,%_FNCNAME%,TABLE,6,6,1,,,,%_FNCCSYS%   
!   
! Begin of equation: 10*exp(20*{X}) 
*SET,%_FNCNAME%(0,0,1), 0.0, -999   
*SET,%_FNCNAME%(2,0,1), 0.0 
*SET,%_FNCNAME%(3,0,1), 0.0 
*SET,%_FNCNAME%(4,0,1), 0.0 
*SET,%_FNCNAME%(5,0,1), 0.0 
*SET,%_FNCNAME%(6,0,1), 0.0 
*SET,%_FNCNAME%(0,1,1), 1.0, -1, 0, 20, 0, 0, 2 
*SET,%_FNCNAME%(0,2,1), 0.0, -2, 0, 1, -1, 3, 2 
*SET,%_FNCNAME%(0,3,1),   0, -1, 7, 1, -2, 0, 0 
*SET,%_FNCNAME%(0,4,1), 0.0, -2, 0, 10, 0, 0, -1
*SET,%_FNCNAME%(0,5,1), 0.0, -3, 0, 1, -2, 3, -1
*SET,%_FNCNAME%(0,6,1), 0.0, 99, 0, 1, -3, 0, 0 
! End of equation: 10*exp(20*{X})   
!-->
FINISH  
/SOL
FLST,2,2,4,ORDE,2   
FITEM,2,1   
FITEM,2,3   
!*  
/GO 
DL,P51X, ,ALL,300,0 
FLST,2,1,4,ORDE,1   
FITEM,2,4   
/GO 
!*  
!*  
*DEL,_FNCNAME   
*DEL,_FNCMTID   
*DEL,_FNCCSYS   
*SET,_FNCNAME,'QQ'  
*SET,_FNCCSYS,0 
! /INPUT,Q.func,,,1 
*DIM,%_FNCNAME%,TABLE,6,10,1,,,,%_FNCCSYS%  
!   
! Begin of equation: -500000000*{X}^2+10000000*{X}+100000   
*SET,%_FNCNAME%(0,0,1), 0.0, -999   
*SET,%_FNCNAME%(2,0,1), 0.0 
*SET,%_FNCNAME%(3,0,1), 0.0 
*SET,%_FNCNAME%(4,0,1), 0.0 
*SET,%_FNCNAME%(5,0,1), 0.0 
*SET,%_FNCNAME%(6,0,1), 0.0 
*SET,%_FNCNAME%(0,1,1), 1.0, -1, 0, 2, 0, 0, 2  
*SET,%_FNCNAME%(0,2,1), 0.0, -2, 0, 1, 2, 17, -1
*SET,%_FNCNAME%(0,3,1),   0, -1, 0, -500000000, 0, 0, -2
*SET,%_FNCNAME%(0,4,1), 0.0, -3, 0, 1, -1, 3, -2
*SET,%_FNCNAME%(0,5,1), 0.0, -1, 0, 10000000, 0, 0, 2   
*SET,%_FNCNAME%(0,6,1), 0.0, -2, 0, 1, -1, 3, 2 
*SET,%_FNCNAME%(0,7,1), 0.0, -1, 0, 1, -3, 1, -2
*SET,%_FNCNAME%(0,8,1), 0.0, -2, 0, 100000, 0, 0, -1
*SET,%_FNCNAME%(0,9,1), 0.0, -3, 0, 1, -1, 1, -2
*SET,%_FNCNAME%(0,10,1), 0.0, 99, 0, 1, -3, 0, 0
! End of equation: -500000000*{X}^2+10000000*{X}+100000 
!-->
*DEL,_FNCNAME   
*DEL,_FNCMTID   
*DEL,_FNCCSYS   
*SET,_FNCNAME,'TF0' 
*SET,_FNCCSYS,0 
! /INPUT,TF.func,,,1
*DIM,%_FNCNAME%,TABLE,6,10,1,,,,%_FNCCSYS%  
!   
! Begin of equation: 300*sin(PI*{X}/0.02)+300   
*SET,%_FNCNAME%(0,0,1), 0.0, -999   
*SET,%_FNCNAME%(2,0,1), 0.0 
*SET,%_FNCNAME%(3,0,1), 0.0 
*SET,%_FNCNAME%(4,0,1), 0.0 
*SET,%_FNCNAME%(5,0,1), 0.0 
*SET,%_FNCNAME%(6,0,1), 0.0 
*SET,%_FNCNAME%(0,1,1), 1.0, -1, 0, 3.14159265358979310, 0, 0, 2
*SET,%_FNCNAME%(0,2,1), 0.0, -2, 0, 1, -1, 3, 2 
*SET,%_FNCNAME%(0,3,1),   0, -1, 0, 0.02, 0, 0, -2  
*SET,%_FNCNAME%(0,4,1), 0.0, -3, 0, 1, -2, 4, -1
*SET,%_FNCNAME%(0,5,1), 0.0, -1, 9, 1, -3, 0, 0 
*SET,%_FNCNAME%(0,6,1), 0.0, -2, 0, 300, 0, 0, -1   
*SET,%_FNCNAME%(0,7,1), 0.0, -3, 0, 1, -2, 3, -1
*SET,%_FNCNAME%(0,8,1), 0.0, -1, 0, 300, 0, 0, -3   
*SET,%_FNCNAME%(0,9,1), 0.0, -2, 0, 1, -3, 1, -1
*SET,%_FNCNAME%(0,10,1), 0.0, 99, 0, 1, -2, 0, 0
! End of equation: 300*sin(PI*{X}/0.02)+300 
!-->
FLST,2,1,4,ORDE,1   
FITEM,2,4   
/GO 
!*  
!*  
!*  
SFL,P51X,CONV, %H20% , , %TF0%  
FLST,2,1,4,ORDE,1   
FITEM,2,2   
/GO 
!*  
!*  
SFL,P51X,HFLUX, %QQ%
/STATUS,SOLU
SOLVE   
ALLSEL,ALL  
/STATUS,SOLU
SOLVE   
FINISH  
/POST1  
!*  
/EFACET,1   
PLNSOL, TEMP,, 0
ALLSEL,ALL  
FINISH  
/SOL
/STATUS,SOLU
SOLVE   
FINISH  
/POST1  
/SHOW,WIN32C
SET,FIRST   
/PLOPTS,INFO,3  
/PNUM,MAT,1 
/NUMBER,1   
/REPLOT,RESIZE  
PLNSOL,TEMP 
! /UIS,ABORT,1  
/SHOW,WIN32 
/REPLOT,RESIZE  
!*  
/EDGE,1,0,45
/GLINE,1,-1 
!   
!*  
/DIST,1,1.08222638492,1 
/REP,FAST   
/DIST,1,0.924021086472,1
/REP,FAST   
/DIST,1,0.924021086472,1
/REP,FAST   
/DIST,1,1.08222638492,1 
/REP,FAST   
/DIST,1,0.924021086472,1
/REP,FAST   
/RGB,INDEX,100,100,100, 0   
/RGB,INDEX, 80, 80, 80,13   
/RGB,INDEX, 60, 60, 60,14   
/RGB,INDEX, 0, 0, 0,15  
/REPLOT 
/SHOW,JPEG,,0   
JPEG,QUAL,100,  
JPEG,ORIENT,HORIZ   
JPEG,COLOR,2
JPEG,TMOD,1 
/GFILE,800, 
!*  
/REPLOT 
/SHOW,CLOSE 
/DEVICE,VECTOR,0
!*  
FINISH  
/PREP7  
/INPUT,'Code','txt','D:\StandardPaper\ANSYScalculation\',, 0
*do,i,1,1008
mp,kxx,i,AA(i,1)  !热通量
*enddo  
*do ,i,1,1008   
ESEL,S, , ,    i
emodif,all,mat,i
*enddo  
ALLSEL,ALL  
*DEL,_FNCNAME   
*DEL,_FNCMTID   
*DEL,_FNCCSYS   
*SET,_FNCNAME,'H30' 
*SET,_FNCCSYS,0 
! /INPUT,H30.func,,,1   
*DIM,%_FNCNAME%,TABLE,6,6,1,,,,%_FNCCSYS%   
!   
! Begin of equation: 10*exp(30*{X}) 
*SET,%_FNCNAME%(0,0,1), 0.0, -999   
*SET,%_FNCNAME%(2,0,1), 0.0 
*SET,%_FNCNAME%(3,0,1), 0.0 
*SET,%_FNCNAME%(4,0,1), 0.0 
*SET,%_FNCNAME%(5,0,1), 0.0 
*SET,%_FNCNAME%(6,0,1), 0.0 
*SET,%_FNCNAME%(0,1,1), 1.0, -1, 0, 30, 0, 0, 2 
*SET,%_FNCNAME%(0,2,1), 0.0, -2, 0, 1, -1, 3, 2 
*SET,%_FNCNAME%(0,3,1),   0, -1, 7, 1, -2, 0, 0 
*SET,%_FNCNAME%(0,4,1), 0.0, -2, 0, 10, 0, 0, -1
*SET,%_FNCNAME%(0,5,1), 0.0, -3, 0, 1, -2, 3, -1
*SET,%_FNCNAME%(0,6,1), 0.0, 99, 0, 1, -3, 0, 0 
! End of equation: 10*exp(30*{X})   
!-->
FINISH  
/SOL
FLST,2,2,4,ORDE,2   
FITEM,2,1   
FITEM,2,3   
!*  
/GO 
DL,P51X, ,ALL,300,0 
FLST,2,1,4,ORDE,1   
FITEM,2,4   
/GO 
!*  
!*  
!*  
SFL,P51X,CONV, %H30% , , %TF0%  
FLST,2,1,4,ORDE,1   
FITEM,2,2   
/GO 
!*  
!*  
SFL,P51X,HFLUX, %QQ%
/STATUS,SOLU
SOLVE   
FINISH  
/POST1  
!*  
/EFACET,1   
PLNSOL, TEMP,, 0
SAVE,'c30','db','D:\StandardPaper\ANSYScalculation\c=d=30\' 
FINISH  
! /EXIT,MODEL   
/BATCH  
/COM,ANSYS RELEASE 12.1    UP20091102       14:54:06    05/26/2016
/input,menust,tmp,'',,,,,,,,,,,,,,,,1   
/GRA,POWER
/GST,ON
/PLO,INFO,3
/GRO,CURL,ON
/CPLANE,1   
/REPLOT,RESIZE  
WPSTYLE,,,,,,,,0
FINISH  
! /EXIT,NOSAV   
/BATCH  
/COM,ANSYS RELEASE 12.1    UP20091102       15:22:33    05/26/2016
/input,menust,tmp,'',,,,,,,,,,,,,,,,1   
/COM,ANSYS RELEASE 12.1    UP20091102       15:22:34    05/26/2016
/GRA,POWER
/GST,ON
/PLO,INFO,3
/GRO,CURL,ON
/CPLANE,1   
/REPLOT,RESIZE  
WPSTYLE,,,,,,,,0
/DIST,1,1.08222638492,1 
/REP,FAST   
/DIST,1,1.08222638492,1 
/REP,FAST   
/DIST,1,0.924021086472,1
/REP,FAST   
/DIST,1,0.924021086472,1
/REP,FAST   
/POST1  
FINISH  
/SOL
FINISH  
/POST1  
FINISH  
/SOL
FINISH  
/POST1  
/SHOW,WIN32C
SET,FIRST   
/PLOPTS,INFO,3  
/PNUM,MAT,1 
/NUMBER,1   
/REPLOT,RESIZE  
PLNSOL,TEMP 
! /UIS,ABORT,1  
/SHOW,WIN32 
/REPLOT,RESIZE  
FINISH  
/PREP7  
*DEL,_FNCNAME   
*DEL,_FNCMTID   
*DEL,_FNCCSYS   
*SET,_FNCNAME,'HH20'
*SET,_FNCCSYS,0 
! /INPUT,H20.func,,,1   
*DIM,%_FNCNAME%,TABLE,6,6,1,,,,%_FNCCSYS%   
!   
! Begin of equation: 10*exp(20*{X}) 
*SET,%_FNCNAME%(0,0,1), 0.0, -999   
*SET,%_FNCNAME%(2,0,1), 0.0 
*SET,%_FNCNAME%(3,0,1), 0.0 
*SET,%_FNCNAME%(4,0,1), 0.0 
*SET,%_FNCNAME%(5,0,1), 0.0 
*SET,%_FNCNAME%(6,0,1), 0.0 
*SET,%_FNCNAME%(0,1,1), 1.0, -1, 0, 20, 0, 0, 2 
*SET,%_FNCNAME%(0,2,1), 0.0, -2, 0, 1, -1, 3, 2 
*SET,%_FNCNAME%(0,3,1),   0, -1, 7, 1, -2, 0, 0 
*SET,%_FNCNAME%(0,4,1), 0.0, -2, 0, 10, 0, 0, -1
*SET,%_FNCNAME%(0,5,1), 0.0, -3, 0, 1, -2, 3, -1
*SET,%_FNCNAME%(0,6,1), 0.0, 99, 0, 1, -3, 0, 0 
! End of equation: 10*exp(20*{X})   
!-->
*DEL,_FNCNAME   
*DEL,_FNCMTID   
*DEL,_FNCCSYS   
*SET,_FNCNAME,'Q20' 
*SET,_FNCCSYS,0 
! /INPUT,Q.func,,,1 
*DIM,%_FNCNAME%,TABLE,6,10,1,,,,%_FNCCSYS%  
!   
! Begin of equation: -500000000*{X}^2+10000000*{X}+100000   
*SET,%_FNCNAME%(0,0,1), 0.0, -999   
*SET,%_FNCNAME%(2,0,1), 0.0 
*SET,%_FNCNAME%(3,0,1), 0.0 
*SET,%_FNCNAME%(4,0,1), 0.0 
*SET,%_FNCNAME%(5,0,1), 0.0 
*SET,%_FNCNAME%(6,0,1), 0.0 
*SET,%_FNCNAME%(0,1,1), 1.0, -1, 0, 2, 0, 0, 2  
*SET,%_FNCNAME%(0,2,1), 0.0, -2, 0, 1, 2, 17, -1
*SET,%_FNCNAME%(0,3,1),   0, -1, 0, -500000000, 0, 0, -2
*SET,%_FNCNAME%(0,4,1), 0.0, -3, 0, 1, -1, 3, -2
*SET,%_FNCNAME%(0,5,1), 0.0, -1, 0, 10000000, 0, 0, 2   
*SET,%_FNCNAME%(0,6,1), 0.0, -2, 0, 1, -1, 3, 2 
*SET,%_FNCNAME%(0,7,1), 0.0, -1, 0, 1, -3, 1, -2
*SET,%_FNCNAME%(0,8,1), 0.0, -2, 0, 100000, 0, 0, -1
*SET,%_FNCNAME%(0,9,1), 0.0, -3, 0, 1, -1, 1, -2
*SET,%_FNCNAME%(0,10,1), 0.0, 99, 0, 1, -3, 0, 0
! End of equation: -500000000*{X}^2+10000000*{X}+100000 
!-->
*DEL,_FNCNAME   
*DEL,_FNCMTID   
*DEL,_FNCCSYS   
*SET,_FNCNAME,'TF20'
*SET,_FNCCSYS,0 
! /INPUT,TF.func,,,1
*DIM,%_FNCNAME%,TABLE,6,10,1,,,,%_FNCCSYS%  
!   
! Begin of equation: 300*sin(PI*{X}/0.02)+300   
*SET,%_FNCNAME%(0,0,1), 0.0, -999   
*SET,%_FNCNAME%(2,0,1), 0.0 
*SET,%_FNCNAME%(3,0,1), 0.0 
*SET,%_FNCNAME%(4,0,1), 0.0 
*SET,%_FNCNAME%(5,0,1), 0.0 
*SET,%_FNCNAME%(6,0,1), 0.0 
*SET,%_FNCNAME%(0,1,1), 1.0, -1, 0, 3.14159265358979310, 0, 0, 2
*SET,%_FNCNAME%(0,2,1), 0.0, -2, 0, 1, -1, 3, 2 
*SET,%_FNCNAME%(0,3,1),   0, -1, 0, 0.02, 0, 0, -2  
*SET,%_FNCNAME%(0,4,1), 0.0, -3, 0, 1, -2, 4, -1
*SET,%_FNCNAME%(0,5,1), 0.0, -1, 9, 1, -3, 0, 0 
*SET,%_FNCNAME%(0,6,1), 0.0, -2, 0, 300, 0, 0, -1   
*SET,%_FNCNAME%(0,7,1), 0.0, -3, 0, 1, -2, 3, -1
*SET,%_FNCNAME%(0,8,1), 0.0, -1, 0, 300, 0, 0, -3   
*SET,%_FNCNAME%(0,9,1), 0.0, -2, 0, 1, -3, 1, -1
*SET,%_FNCNAME%(0,10,1), 0.0, 99, 0, 1, -2, 0, 0
! End of equation: 300*sin(PI*{X}/0.02)+300 
!-->
FINISH  
/SOL
FLST,2,2,4,ORDE,2   
FITEM,2,1   
FITEM,2,3   
!*  
/GO 
DL,P51X, ,ALL,300,0 
FLST,2,1,4,ORDE,1   
FITEM,2,4   
/GO 
!*  
!*  
!*  
SFL,P51X,CONV, %H20% , , %TF20% 
FLST,2,1,4,ORDE,1   
FITEM,2,2   
/GO 
!*  
!*  
SFL,P51X,HFLUX, %Q20%   
/STATUS,SOLU
! /prep 
FINISH  
/PREP7  
/INPUT,'Code','txt','D:\StandardPaper\ANSYScalculation\',, 0
*do,i,1,1008
mp,kxx,i,AA(i,1)  !热通量
*enddo  
*do ,i,1,1008   
ESEL,S, , ,    i
emodif,all,mat,i
*enddo  
FINISH  
/SOL
*do ,i,1,1008   
ESEL,S, , ,    i
! emodif,all,mat,i  
*enddo  
FINISH  
/PREP7  
*do ,i,1,1008   
ESEL,S, , ,    i
emodif,all,mat,i
*enddo  
FINISH  
/SOL
/STATUS,SOLU
ALLSEL,ALL  
/STATUS,SOLU
SOLVE   
FINISH  
/POST1  
!*  
/EFACET,1   
PLNSOL, TEMP,, 0
/DEVICE,VECTOR,1
/DIST,1,1.08222638492,1 
/REP,FAST   
/DIST,1,0.924021086472,1
/REP,FAST   
jpgprf,500,100,1
/DIST,1,1.08222638492,1 
/REP,FAST   
/DIST,1,0.924021086472,1
/REP,FAST   
/DIST,1,1.08222638492,1 
/REP,FAST   
/CLABEL,1，5   
/DIST,1,0.924021086472,1
/REP,FAST   
/DIST,1,0.924021086472,1
/REP,FAST   
/DIST,1,0.924021086472,1
/REP,FAST   
/DIST,1,0.924021086472,1
/REP,FAST   
/DIST,1,0.924021086472,1
/REP,FAST   
/DIST,1,1.08222638492,1 
/REP,FAST   
/DIST,1,1.08222638492,1 
/REP,FAST   
/DIST,1,1.08222638492,1 
/REP,FAST   
/DIST,1,1.08222638492,1 
/REP,FAST   
/DIST,1,1.08222638492,1 
/REP,FAST   
/DIST,1,1.08222638492,1 
/REP,FAST   
/DIST,1,0.924021086472,1
/REP,FAST   
/CLABEL,1,5 
/DIST,1,0.924021086472,1
/REP,FAST   
/DIST,1,1.08222638492,1 
/REP,FAST   
/DIST,1,1.08222638492,1 
/REP,FAST   
/CLABEL,1,1,5   
/DIST,1,1.08222638492,1 
/REP,FAST   
/DIST,1,0.924021086472,1
/REP,FAST   
/DIST,1,0.924021086472,1
/REP,FAST   
/CLABEL,1,-1
/color,cntr,whit,1  
/DIST,1,1.08222638492,1 
/REP,FAST   
/DIST,1,0.924021086472,1
/REP,FAST   
/DIST,1,0.924021086472,1
/REP,FAST   
/DIST,1,1.08222638492,1 
/REP,FAST   
/PNUM,SVAL,1
/DIST,1,1.08222638492,1 
/REP,FAST   
/DIST,1,1.08222638492,1 
/REP,FAST   
/DIST,1,0.924021086472,1
/REP,FAST   
/DIST,1,0.924021086472,1
/REP,FAST   
/DIST,1,0.924021086472,1
/REP,FAST   
/REPLOT 
/DIST,1,1.08222638492,1 
/REP,FAST   
/DIST,1,0.924021086472,1
/REP,FAST   
/pnum,sval,1
/clabel,1,-1
/replot 
/DIST,1,1.08222638492,1 
/REP,FAST   
/DIST,1,1.08222638492,1 
/REP,FAST   
/DIST,1,0.924021086472,1
/REP,FAST   
/DIST,1,0.924021086472,1
/REP,FAST   
/DIST,1,0.924021086472,1
/REP,FAST   
/DIST,1,0.924021086472,1
/REP,FAST   
/DIST,1,0.924021086472,1
/REP,FAST   
/DIST,1,0.924021086472,1
/REP,FAST   
/DIST,1,0.924021086472,1
/REP,FAST   
/DIST,1,0.924021086472,1
/REP,FAST   
/DIST,1,0.924021086472,1
/REP,FAST   
/DIST,1,0.924021086472,1
/REP,FAST   
/DIST,1,0.924021086472,1
/REP,FAST   
/DIST,1,0.924021086472,1
/REP,FAST   
/DIST,1,0.924021086472,1
/REP,FAST   
/DIST,1,0.924021086472,1
/REP,FAST   
/DIST,1,0.924021086472,1
/REP,FAST   
/DIST,1,0.924021086472,1
/REP,FAST   
/DIST,1,0.924021086472,1
/REP,FAST   
/DIST,1,1.08222638492,1 
/REP,FAST   
/DIST,1,1.08222638492,1 
/REP,FAST   
/DIST,1,1.08222638492,1 
/REP,FAST   
/DIST,1,1.08222638492,1 
/REP,FAST   
/DIST,1,1.08222638492,1 
/REP,FAST   
/DIST,1,1.08222638492,1 
/REP,FAST   
/DIST,1,1.08222638492,1 
/REP,FAST   
/DIST,1,1.08222638492,1 
/REP,FAST   
/DIST,1,1.08222638492,1 
/REP,FAST   
/DIST,1,1.08222638492,1 
/REP,FAST   
/DIST,1,1.08222638492,1 
/REP,FAST   
/DIST,1,1.08222638492,1 
/REP,FAST   
/DIST,1,1.08222638492,1 
/REP,FAST   
/DIST,1,1.08222638492,1 
/REP,FAST   
/DIST,1,1.08222638492,1 
/REP,FAST   
/DIST,1,1.08222638492,1 
/REP,FAST   
/DIST,1,1.08222638492,1 
/REP,FAST   
/DIST,1,1.08222638492,1 
/REP,FAST   
/DIST,1,0.924021086472,1
/REP,FAST   
/DIST,1,0.924021086472,1
/REP,FAST   
jpgprf,500,100,0
/DIST,1,1.08222638492,1 
/REP,FAST   
/DIST,1,1.08222638492,1 
/REP,FAST   
/DIST,1,0.924021086472,1
/REP,FAST   
jpgprf,500,100,1
/SHOW,WIN32 
/DEVICE,VECTOR,1
/DEVICE,BBOX,1  
/DEVICE,DITHER,1
/DEVICE,ANIM,BMP
! /UIS,DYNA,0   
! /UIS,ZPIC,0   
/REPLOT 
!*  
/DIST,1,1.08222638492,1 
/REP,FAST   
/DIST,1,1.08222638492,1 
/REP,FAST   
/DIST,1,0.924021086472,1
/REP,FAST   
/DIST,1,0.924021086472,1
/REP,FAST   
/DIST,1,0.924021086472,1
/REP,FAST   
!*  
/CLABEL,1,1 
/REPLOT 
!*  
/DIST,1,1.08222638492,1 
/REP,FAST   
/DIST,1,1.08222638492,1 
/REP,FAST   
/DIST,1,0.924021086472,1
/REP,FAST   
/DIST,1,0.924021086472,1
/REP,FAST   
/DIST,1,0.924021086472,1
/REP,FAST   
/DIST,1,1.08222638492,1 
/REP,FAST   
/DIST,1,0.924021086472,1
/REP,FAST   
/DIST,1,1.08222638492,1 
/REP,FAST   
/DIST,1,0.924021086472,1
/REP,FAST   
/DIST,1,0.924021086472,1
/REP,FAST   
/DIST,1,0.924021086472,1
/REP,FAST   
/DIST,1,0.924021086472,1
/REP,FAST   
/DIST,1,0.924021086472,1
/REP,FAST   
/DIST,1,0.924021086472,1
/REP,FAST   
/DIST,1,0.924021086472,1
/REP,FAST   
/DIST,1,0.924021086472,1
/REP,FAST   
/DIST,1,0.924021086472,1
/REP,FAST   
/DIST,1,0.924021086472,1
/REP,FAST   
/DIST,1,0.924021086472,1
/REP,FAST   
/DIST,1,0.924021086472,1
/REP,FAST   
/DIST,1,0.924021086472,1
/REP,FAST   
/DIST,1,0.924021086472,1
/REP,FAST   
/DIST,1,0.924021086472,1
/REP,FAST   
/DIST,1,0.924021086472,1
/REP,FAST   
/DIST,1,0.924021086472,1
/REP,FAST   
/DIST,1,0.924021086472,1
/REP,FAST   
/DIST,1,0.924021086472,1
/REP,FAST   
/DIST,1,0.924021086472,1
/REP,FAST   
/DIST,1,0.924021086472,1
/REP,FAST   
/DIST,1,0.924021086472,1
/REP,FAST   
/DIST,1,1.08222638492,1 
/REP,FAST   
/DIST,1,1.08222638492,1 
/REP,FAST   
/DIST,1,1.08222638492,1 
/REP,FAST   
/DIST,1,1.08222638492,1 
/REP,FAST   
/DIST,1,1.08222638492,1 
/REP,FAST   
/DIST,1,1.08222638492,1 
/REP,FAST   
/DIST,1,1.08222638492,1 
/REP,FAST   
/DIST,1,1.08222638492,1 
/REP,FAST   
/DIST,1,1.08222638492,1 
/REP,FAST   
/DIST,1,1.08222638492,1 
/REP,FAST   
/DIST,1,1.08222638492,1 
/REP,FAST   
/DIST,1,1.08222638492,1 
/REP,FAST   
/DIST,1,1.08222638492,1 
/REP,FAST   
/DIST,1,1.08222638492,1 
/REP,FAST   
/DIST,1,1.08222638492,1 
/REP,FAST   
/DIST,1,1.08222638492,1 
/REP,FAST   
/DIST,1,1.08222638492,1 
/REP,FAST   
/DIST,1,1.08222638492,1 
/REP,FAST   
/DIST,1,1.08222638492,1 
/REP,FAST   
/DIST,1,1.08222638492,1 
/REP,FAST   
/DIST,1,1.08222638492,1 
/REP,FAST   
/DIST,1,1.08222638492,1 
/REP,FAST   
/DIST,1,1.08222638492,1 
/REP,FAST   
/DIST,1,0.924021086472,1
/REP,FAST   
/DIST,1,0.924021086472,1
/REP,FAST   
/DIST,1,0.924021086472,1
/REP,FAST   
/DIST,1,1.08222638492,1 
/REP,FAST   
/DIST,1,1.08222638492,1 
/REP,FAST   
/DIST,1,1.08222638492,1 
/REP,FAST   
/COLOR,SMIN,WHIT
/COLOR,CNTR,WHIT,1  
/COLOR,CNTR,WHIT,2  
/COLOR,CNTR,WHIT,3  
/COLOR,CNTR,WHIT,4  
/COLOR,CNTR,WHIT,5  
/COLOR,CNTR,WHIT,6  
/COLOR,CNTR,WHIT,7  
/COLOR,CNTR,WHIT,8  
/COLOR,CNTR,WHIT,9  
/COLOR,SMAX,WHIT
/REPLOT 
!*  
/DIST,1,1.08222638492,1 
/REP,FAST   
/DIST,1,0.924021086472,1
/REP,FAST   
/DIST,1,0.924021086472,1
/REP,FAST   
/DIST,1,1.08222638492,1 
/REP,FAST   
/DIST,1,1.08222638492,1 
/REP,FAST   
/DIST,1,1.08222638492,1 
/REP,FAST   
/DIST,1,0.924021086472,1
/REP,FAST   
/DIST,1,0.924021086472,1
/REP,FAST   
/DIST,1,0.924021086472,1
/REP,FAST   
/REPLOT,RESIZE  
/clabel,1,5 
/clabel,1,10
/DIST,1,1.08222638492,1 
/REP,FAST   
/DIST,1,1.08222638492,1 
/REP,FAST   
/DIST,1,0.924021086472,1
/REP,FAST   
/DIST,1,0.924021086472,1
/REP,FAST   
/DIST,1,0.924021086472,1
/REP,FAST   
/DIST,1,1.08222638492,1 
/REP,FAST   
/clabel,1,20
/DIST,1,1.08222638492,1 
/REP,FAST   
/DIST,1,0.924021086472,1
/REP,FAST   
/DIST,1,0.924021086472,1
/REP,FAST   
/DIST,1,0.924021086472,1
/REP,FAST   
/DIST,1,0.924021086472,1
/REP,FAST   
/DIST,1,1.08222638492,1 
/REP,FAST   
/clabel,10,5
/DIST,1,1.08222638492,1 
/REP,FAST   
/DIST,1,1.08222638492,1 
/REP,FAST   
/DIST,1,0.924021086472,1
/REP,FAST   
/DIST,1,0.924021086472,1
/REP,FAST   
/DIST,1,1.08222638492,1 
/REP,FAST   
/DIST,1,1.08222638492,1 
/REP,FAST   
/DIST,1,0.924021086472,1
/REP,FAST   
/DIST,1,0.924021086472,1
/REP,FAST   
/DIST,1,0.924021086472,1
/REP,FAST   
/DIST,1,1.08222638492,1 
/REP,FAST   
/DIST,1,1.08222638492,1 
/REP,FAST   
!*  
/EFACET,1   
PLNSOL, TEMP,, 0
/color,cntr,whit,1  
/DIST,1,1.08222638492,1 
/REP,FAST   
/DIST,1,1.08222638492,1 
/REP,FAST   
/DIST,1,0.924021086472,1
/REP,FAST   
/DIST,1,0.924021086472,1
/REP,FAST   
/DIST,1,0.924021086472,1
/REP,FAST   
FINISH  
/SOL
/STATUS,SOLU
SOLVE   
/DIST,1,0.924021086472,1
/REP,FAST   
/DIST,1,0.924021086472,1
/REP,FAST   
/DIST,1,0.924021086472,1
/REP,FAST   
/DIST,1,0.924021086472,1
/REP,FAST   
/DIST,1,1.08222638492,1 
/REP,FAST   
/DIST,1,1.08222638492,1 
/REP,FAST   
/DIST,1,1.08222638492,1 
/REP,FAST   
/DIST,1,1.08222638492,1 
/REP,FAST   
/DIST,1,1.08222638492,1 
/REP,FAST   
/DIST,1,1.08222638492,1 
/REP,FAST   
/DIST,1,1.08222638492,1 
/REP,FAST   
/DIST,1,1.08222638492,1 
/REP,FAST   
FINISH  
/POST1  
!*  
/EFACET,1   
PLNSOL, TEMP,, 0
/DIST,1,0.924021086472,1
/REP,FAST   
/DIST,1,0.924021086472,1
/REP,FAST   
/DIST,1,0.924021086472,1
/REP,FAST   
/DIST,1,1.08222638492,1 
/REP,FAST   
/DIST,1,1.08222638492,1 
/REP,FAST   
/DIST,1,1.08222638492,1 
/REP,FAST   
/DIST,1,1.08222638492,1 
/REP,FAST   
/DIST,1,0.924021086472,1
/REP,FAST   
/DIST,1,0.924021086472,1
/REP,FAST   
/DIST,1,0.924021086472,1
/REP,FAST   
/DIST,1,0.924021086472,1
/REP,FAST   
/DIST,1,0.924021086472,1
/REP,FAST   
/DIST,1,0.924021086472,1
/REP,FAST   
/DIST,1,0.924021086472,1
/REP,FAST   
/DIST,1,0.924021086472,1
/REP,FAST   
/DIST,1,0.924021086472,1
/REP,FAST   
/DIST,1,0.924021086472,1
/REP,FAST   
/DIST,1,0.924021086472,1
/REP,FAST   
/DIST,1,0.924021086472,1
/REP,FAST   
/DIST,1,0.924021086472,1
/REP,FAST   
/DIST,1,0.924021086472,1
/REP,FAST   
/DIST,1,1.08222638492,1 
/REP,FAST   
/DIST,1,1.08222638492,1 
/REP,FAST   
/DIST,1,1.08222638492,1 
/REP,FAST   
/DIST,1,1.08222638492,1 
/REP,FAST   
/DIST,1,1.08222638492,1 
/REP,FAST   
/DIST,1,1.08222638492,1 
/REP,FAST   
/DIST,1,1.08222638492,1 
/REP,FAST   
/DIST,1,1.08222638492,1 
/REP,FAST   
/DIST,1,1.08222638492,1 
/REP,FAST   
/DIST,1,1.08222638492,1 
/REP,FAST   
/DIST,1,1.08222638492,1 
/REP,FAST   
/DIST,1,1.08222638492,1 
/REP,FAST   
/DIST,1,1.08222638492,1 
/REP,FAST   
/DIST,1,0.924021086472,1
/REP,FAST   
/DIST,1,0.924021086472,1
/REP,FAST   
/DIST,1,0.924021086472,1
/REP,FAST   
/color,cntr,whit,1  
/DIST,1,0.924021086472,1
/REP,FAST   
/DIST,1,0.924021086472,1
/REP,FAST   
/DIST,1,1.08222638492,1 
/REP,FAST   
/DIST,1,1.08222638492,1 
/REP,FAST   
/DIST,1,1.08222638492,1 
/REP,FAST   
/DIST,1,1.08222638492,1 
/REP,FAST   
/DIST,1,1.08222638492,1 
/REP,FAST   
/DIST,1,1.08222638492,1 
/REP,FAST   
/DIST,1,0.924021086472,1
/REP,FAST   
/DIST,1,0.924021086472,1
/REP,FAST   
/DIST,1,0.924021086472,1
/REP,FAST   
/DIST,1,0.924021086472,1
/REP,FAST   
/DIST,1,0.924021086472,1
/REP,FAST   
/DIST,1,0.924021086472,1
/REP,FAST   
/DIST,1,0.924021086472,1
/REP,FAST   
/DIST,1,0.924021086472,1
/REP,FAST   
/DIST,1,0.924021086472,1
/REP,FAST   
/DIST,1,0.924021086472,1
/REP,FAST   
/DIST,1,0.924021086472,1
/REP,FAST   
/DIST,1,0.924021086472,1
/REP,FAST   
/DIST,1,1.08222638492,1 
/REP,FAST   
/DIST,1,1.08222638492,1 
/REP,FAST   
/DIST,1,1.08222638492,1 
/REP,FAST   
/DIST,1,1.08222638492,1 
/REP,FAST   
/DIST,1,1.08222638492,1 
/REP,FAST   
/DIST,1,1.08222638492,1 
/REP,FAST   
/DIST,1,1.08222638492,1 
/REP,FAST   
/DIST,1,1.08222638492,1 
/REP,FAST   
/DIST,1,1.08222638492,1 
/REP,FAST   
/DIST,1,1.08222638492,1 
/REP,FAST   
nlist   
/PNUM,SVAL,1
/REPLOT 
/DIST,1,0.924021086472,1
/REP,FAST   
/DIST,1,0.924021086472,1
/REP,FAST   
/DIST,1,0.924021086472,1
/REP,FAST   
/DIST,1,0.924021086472,1
/REP,FAST   
/DIST,1,0.924021086472,1
/REP,FAST   
/DIST,1,0.924021086472,1
/REP,FAST   
/DIST,1,0.924021086472,1
/REP,FAST   
/DIST,1,0.924021086472,1
/REP,FAST   
/DIST,1,0.924021086472,1
/REP,FAST   
/DIST,1,0.924021086472,1
/REP,FAST   
/DIST,1,0.924021086472,1
/REP,FAST   
/DIST,1,0.924021086472,1
/REP,FAST   
/DIST,1,0.924021086472,1
/REP,FAST   
/DIST,1,0.924021086472,1
/REP,FAST   
/DIST,1,0.924021086472,1
/REP,FAST   
/DIST,1,1.08222638492,1 
/REP,FAST   
/DIST,1,1.08222638492,1 
/REP,FAST   
/DIST,1,1.08222638492,1 
/REP,FAST   
/DIST,1,1.08222638492,1 
/REP,FAST   
/DIST,1,1.08222638492,1 
/REP,FAST   
/DIST,1,1.08222638492,1 
/REP,FAST   
/DIST,1,1.08222638492,1 
/REP,FAST   
/DIST,1,1.08222638492,1 
/REP,FAST   
/DIST,1,1.08222638492,1 
/REP,FAST   
/DIST,1,1.08222638492,1 
/REP,FAST   
/DIST,1,1.08222638492,1 
/REP,FAST   
/DIST,1,1.08222638492,1 
/REP,FAST   
/DIST,1,1.08222638492,1 
/REP,FAST   
/DIST,1,1.08222638492,1 
/REP,FAST   
/DIST,1,1.08222638492,1 
/REP,FAST   
/DIST,1,1.08222638492,1 
/REP,FAST   
/DIST,1,0.924021086472,1
/REP,FAST   
/DIST,1,0.924021086472,1
/REP,FAST   
/DIST,1,1.08222638492,1 
/REP,FAST   
/DIST,1,1.08222638492,1 
/REP,FAST   
/DIST,1,1.08222638492,1 
/REP,FAST   
/DIST,1,1.08222638492,1 
/REP,FAST   
/DIST,1,0.924021086472,1
/REP,FAST   
/DIST,1,0.924021086472,1
/REP,FAST   
/DIST,1,0.924021086472,1
/REP,FAST   
/DIST,1,0.924021086472,1
/REP,FAST   
/DIST,1,0.924021086472,1
/REP,FAST   
/DIST,1,0.924021086472,1
/REP,FAST   
/DIST,1,0.924021086472,1
/REP,FAST   
/DIST,1,0.924021086472,1
/REP,FAST   
/DIST,1,0.924021086472,1
/REP,FAST   
/DIST,1,0.924021086472,1
/REP,FAST   
/DIST,1,0.924021086472,1
/REP,FAST   
/DIST,1,0.924021086472,1
/REP,FAST   
/DIST,1,1.08222638492,1 
/REP,FAST   
/DIST,1,1.08222638492,1 
/REP,FAST   
/DIST,1,1.08222638492,1 
/REP,FAST   
/DIST,1,1.08222638492,1 
/REP,FAST   
/DIST,1,1.08222638492,1 
/REP,FAST   
/DIST,1,1.08222638492,1 
/REP,FAST   
/DIST,1,1.08222638492,1 
/REP,FAST   
/DIST,1,1.08222638492,1 
/REP,FAST   
/DIST,1,1.08222638492,1 
/REP,FAST   
!*  
PLESOL, HEAT,, 0
/DIST,1,0.924021086472,1
/REP,FAST   
/DIST,1,0.924021086472,1
/REP,FAST   
/DIST,1,0.924021086472,1
/REP,FAST   
/DIST,1,0.924021086472,1
/REP,FAST   
/DIST,1,1.08222638492,1 
/REP,FAST   
/DIST,1,1.08222638492,1 
/REP,FAST   
/DIST,1,1.08222638492,1 
/REP,FAST   
/DIST,1,1.08222638492,1 
/REP,FAST   
/DIST,1,1.08222638492,1 
/REP,FAST   
/DEVICE,VECTOR,1
/DIST,1,1.08222638492,1 
/REP,FAST   
/DIST,1,1.08222638492,1 
/REP,FAST   
/DIST,1,1.08222638492,1 
/REP,FAST   
/DIST,1,0.924021086472,1
/REP,FAST   
/DIST,1,0.924021086472,1
/REP,FAST   
/DIST,1,0.924021086472,1
/REP,FAST   
!*  
/EFACET,1   
PLNSOL, TEMP,, 0
/DIST,1,0.924021086472,1
/REP,FAST   
/DIST,1,0.924021086472,1
/REP,FAST   
/DIST,1,0.924021086472,1
/REP,FAST   
/DIST,1,0.924021086472,1
/REP,FAST   
/DIST,1,1.08222638492,1 
/REP,FAST   
/DIST,1,1.08222638492,1 
/REP,FAST   
/DIST,1,1.08222638492,1 
/REP,FAST   
/DIST,1,0.924021086472,1
/REP,FAST   
/SHOW,WIN32 
/DEVICE,VECTOR,1
/DEVICE,BBOX,1  
/DEVICE,DITHER,1
/DEVICE,ANIM,BMP
! /UIS,DYNA,0   
! /UIS,ZPIC,0   
/REPLOT 
!*  
/DIST,1,1.08222638492,1 
/REP,FAST   
/DIST,1,0.924021086472,1
/REP,FAST   
/DIST,1,0.924021086472,1
/REP,FAST   
/DIST,1,0.924021086472,1
/REP,FAST   
/DIST,1,0.924021086472,1
/REP,FAST   
/DIST,1,0.924021086472,1
/REP,FAST   
/DIST,1,0.924021086472,1
/REP,FAST   
/DIST,1,0.924021086472,1
/REP,FAST   
/DIST,1,0.924021086472,1
/REP,FAST   
/DIST,1,0.924021086472,1
/REP,FAST   
/DIST,1,0.924021086472,1
/REP,FAST   
/DIST,1,0.924021086472,1
/REP,FAST   
/DIST,1,1.08222638492,1 
/REP,FAST   
/DIST,1,1.08222638492,1 
/REP,FAST   
/DIST,1,1.08222638492,1 
/REP,FAST   
/DIST,1,1.08222638492,1 
/REP,FAST   
/DIST,1,1.08222638492,1 
/REP,FAST   
/DIST,1,1.08222638492,1 
/REP,FAST   
/DIST,1,1.08222638492,1 
/REP,FAST   
/DIST,1,1.08222638492,1 
/REP,FAST   
/DIST,1,1.08222638492,1 
/REP,FAST   
/DIST,1,1.08222638492,1 
/REP,FAST   
FINISH  
! /EXIT,ALL 
/BATCH  
/COM,ANSYS RELEASE 12.1    UP20091102       16:09:17    05/26/2016
/input,menust,tmp,'',,,,,,,,,,,,,,,,1   
/COM,ANSYS RELEASE 12.1    UP20091102       16:09:17    05/26/2016
/GRA,POWER
/GST,ON
/PLO,INFO,3
/GRO,CURL,ON
/CPLANE,1   
/REPLOT,RESIZE  
WPSTYLE,,,,,,,,0
/SOLU   
FINISH  
/POST1  
!*  
/EFACET,1   
PLNSOL, TEMP,, 0
/DIST,1,0.924021086472,1
/REP,FAST   
/DIST,1,0.924021086472,1
/REP,FAST   
/DIST,1,0.924021086472,1
/REP,FAST   
/DIST,1,0.924021086472,1
/REP,FAST   
/DIST,1,1.08222638492,1 
/REP,FAST   
/DIST,1,1.08222638492,1 
/REP,FAST   
/DIST,1,1.08222638492,1 
/REP,FAST   
/DIST,1,1.08222638492,1 
/REP,FAST   
/DIST,1,0.924021086472,1
/REP,FAST   
/DIST,1,0.924021086472,1
/REP,FAST   
/DIST,1,0.924021086472,1
/REP,FAST   
/DIST,1,1.08222638492,1 
/REP,FAST   
/DIST,1,1.08222638492,1 
/REP,FAST   
/SHOW,WIN32 
/DEVICE,VECTOR,1
/DEVICE,BBOX,1  
/DEVICE,DITHER,1
/DEVICE,ANIM,BMP
! /UIS,DYNA,0   
! /UIS,ZPIC,0   
/REPLOT 
!*  
!*  
/CONT,1,18,300,5,391
/REPLOT 
!*  
/COL,CNTR,BLAC,1,18,4,  
/REPLOT 
!*  
/DIST,1,1.08222638492,1 
/REP,FAST   
/DIST,1,0.924021086472,1
/REP,FAST   
/DIST,1,0.924021086472,1
/REP,FAST   
/DIST,1,1.08222638492,1 
/REP,FAST   
/DIST,1,0.924021086472,1
/REP,FAST   
/DIST,1,0.924021086472,1
/REP,FAST   
/DIST,1,0.924021086472,1
/REP,FAST   
/DIST,1,1.08222638492,1 
/REP,FAST   
/DIST,1,1.08222638492,1 
/REP,FAST   
/DIST,1,1.08222638492,1 
/REP,FAST   
/DIST,1,0.924021086472,1
/REP,FAST   
/DIST,1,0.924021086472,1
/REP,FAST   
!*  
/CLABEL,1,0 
/REPLOT 
!*  
/DIST,1,1.08222638492,1 
/REP,FAST   
/DIST,1,0.924021086472,1
/REP,FAST   
!*  
/CLABEL,1,1 
/REPLOT 
!*  
/DIST,1,1.08222638492,1 
/REP,FAST   
/DIST,1,1.08222638492,1 
/REP,FAST   
/DIST,1,0.924021086472,1
/REP,FAST   
/DIST,1,0.924021086472,1
/REP,FAST   
/DIST,1,0.924021086472,1
/REP,FAST   
/DIST,1,1.08222638492,1 
/REP,FAST   
/DIST,1,1.08222638492,1 
/REP,FAST   
/DIST,1,1.08222638492,1 
/REP,FAST   
/DIST,1,0.924021086472,1
/REP,FAST   
/DIST,1,0.924021086472,1
/REP,FAST   
/DIST,1,0.924021086472,1
/REP,FAST   
FINISH  
! /EXIT,NOSAV   
